*** Starting uWSGI 2.0.7-debian (64bit) on [Wed Jul 12 23:12:16 2017] ***
compiled with version: 4.9.2 on 19 February 2017 21:37:28
os: Linux-3.16.0-4-amd64 #1 SMP Debian 3.16.43-2+deb8u1 (2017-06-18)
nodename: iZj6c1lcj1nbkmm85odianZ
machine: x86_64
clock source: unix
pcre jit disabled
detected number of CPU cores: 1
current working directory: /root/var/code/phillyzto
detected binary path: /usr/bin/uwsgi-core
uWSGI running as root, you can use --uid/--gid/--chroot options
*** WARNING: you are running uWSGI as root !!! (use the --uid flag) *** 
*** WARNING: you are running uWSGI without its master process manager ***
your processes number limit is 3935
your memory page size is 4096 bytes
detected max file descriptor number: 65535
lock engine: pthread robust mutexes
thunder lock: disabled (you can enable it with --thunder-lock)
uwsgi socket 0 bound to TCP address 127.0.0.1:7433 fd 3
your server socket listen backlog is limited to 100 connections
your mercy for graceful operations on workers is 60 seconds
mapped 680448 bytes (664 KB) for 8 cores
*** Operational MODE: preforking ***
*** no app loaded. going in full dynamic mode ***
*** uWSGI is running in multiple interpreter mode ***
!!!!!!!!!!!!!! WARNING !!!!!!!!!!!!!!
no request plugin is loaded, you will not be able to manage requests.
you may need to install the package for your language of choice, or simply load it with --plugin.
!!!!!!!!!!! END OF WARNING !!!!!!!!!!
spawned uWSGI worker 1 (pid: 5009, cores: 1)
spawned uWSGI worker 2 (pid: 5010, cores: 1)
spawned uWSGI worker 3 (pid: 5011, cores: 1)
spawned uWSGI worker 4 (pid: 5012, cores: 1)
spawned uWSGI worker 5 (pid: 5013, cores: 1)
spawned uWSGI worker 6 (pid: 5014, cores: 1)
spawned uWSGI worker 7 (pid: 5015, cores: 1)
spawned uWSGI worker 8 (pid: 5016, cores: 1)
